<?xml version="1.0" encoding="UTF-8"?>
<!-- Generated by org.testng.reporters.JUnitXMLReporter -->
<testsuite ignored="2" hostname="Firozs-Mac-Pro.home" failures="0" tests="2" name="Regression" time="19.995" errors="0" timestamp="2020-06-05T20:58:10 EDT">
  <testcase classname="Action_items.Abstract.Washington_Abstract" name="washington" time="8.04"/>
  <testcase classname="Action_items.Abstract.Yahoo_Abtract" name="yahoo" time="11.919"/>
  <testcase classname="Reusable_classes.Abstract_Class" name="@BeforeSuite defineDriver" time="0.0">
    <ignored/>
  </testcase> <!-- @BeforeSuite defineDriver -->
  <testcase classname="Reusable_classes.Abstract_Class" name="@AfterSuite closeInfo" time="0.0">
    <ignored/>
  </testcase> <!-- @AfterSuite closeInfo -->
</testsuite> <!-- Regression -->
