<?xml version="1.0" encoding="UTF-8"?>
<!-- Generated by org.testng.reporters.JUnitXMLReporter -->
<testsuite ignored="4" hostname="Firozs-Mac-Pro.home" failures="1" tests="3" name="Regression" time="186.288" errors="0" timestamp="2020-06-03T10:03:10 EDT">
  <testcase classname="Action_items.MetLife_Abstract" name="MitLife" time="107.654"/>
  <testcase classname="Action_items.Google_Search_Abstract" name="googleSearch" time="48.853">
    <failure type="java.lang.NullPointerException">
      <![CDATA[java.lang.NullPointerException
at Action_items.Google_Search_Abstract.googleSearch(Google_Search_Abstract.java:41)
at java.base/java.util.ArrayList.forEach(ArrayList.java:1510)
at com.intellij.rt.testng.IDEARemoteTestNG.run(IDEARemoteTestNG.java:66)
at com.intellij.rt.testng.RemoteTestNGStarter.main(RemoteTestNGStarter.java:110)
... Removed 24 stack frames]]>
    </failure>
  </testcase> <!-- googleSearch -->
  <testcase classname="Action_items.Weightwatchers_abstract" name="weightWatchers" time="29.74"/>
  <testcase classname="Reusable_classes.Abstract_Class" name="@BeforeSuite defineDriver" time="0.0">
    <ignored/>
  </testcase> <!-- @BeforeSuite defineDriver -->
  <testcase classname="Reusable_classes.Abstract_Class" name="@BeforeSuite defineDriver" time="0.0">
    <ignored/>
  </testcase> <!-- @BeforeSuite defineDriver -->
  <testcase classname="Reusable_classes.Abstract_Class" name="@AfterSuite closeInfo" time="0.0">
    <ignored/>
  </testcase> <!-- @AfterSuite closeInfo -->
  <testcase classname="Reusable_classes.Abstract_Class" name="@AfterSuite closeInfo" time="0.0">
    <ignored/>
  </testcase> <!-- @AfterSuite closeInfo -->
</testsuite> <!-- Regression -->
